Generated at 2019-02-19 21:20:20 +0000
Chef::Exceptions::CookbookNotFound: template[/var/www/html/index.html] (@recipe_files::/root/chef-repo/cookbooks/learn_chef_httpd/recipes/default.rb line 14) had an error: Chef::Exceptions::CookbookNotFound: Cookbook @recipe_files not found. If you're loading @recipe_files from another cookbook, make sure you configure the dependency in your metadata
/opt/chef-workstation/embedded/lib/ruby/gems/2.5.0/gems/chef-14.7.17/lib/chef/cookbook/cookbook_collection.rb:39:in `block in initialize'
/opt/chef-workstation/embedded/lib/ruby/gems/2.5.0/gems/ohai-14.6.2/lib/ohai/mash.rb:72:in `default'
/opt/chef-workstation/embedded/lib/ruby/gems/2.5.0/gems/ohai-14.6.2/lib/ohai/mash.rb:72:in `default'
/opt/chef-workstation/embedded/lib/ruby/gems/2.5.0/gems/chef-14.7.17/lib/chef/provider/template_finder.rb:38:in `[]'
/opt/chef-workstation/embedded/lib/ruby/gems/2.5.0/gems/chef-14.7.17/lib/chef/provider/template_finder.rb:38:in `find'
/opt/chef-workstation/embedded/lib/ruby/gems/2.5.0/gems/chef-14.7.17/lib/chef/provider/template/content.rb:32:in `template_location'
/opt/chef-workstation/embedded/lib/ruby/gems/2.5.0/gems/chef-14.7.17/lib/chef/provider/template.rb:43:in `block in define_resource_requirements'
/opt/chef-workstation/embedded/lib/ruby/gems/2.5.0/gems/chef-14.7.17/lib/chef/mixin/why_run.rb:309:in `assert'
/opt/chef-workstation/embedded/lib/ruby/gems/2.5.0/gems/chef-14.7.17/lib/chef/provider/template.rb:41:in `define_resource_requirements'
/opt/chef-workstation/embedded/lib/ruby/gems/2.5.0/gems/chef-14.7.17/lib/chef/provider.rb:169:in `run_action'
/opt/chef-workstation/embedded/lib/ruby/gems/2.5.0/gems/chef-14.7.17/lib/chef/resource.rb:578:in `run_action'
/opt/chef-workstation/embedded/lib/ruby/gems/2.5.0/gems/chef-14.7.17/lib/chef/runner.rb:70:in `run_action'
/opt/chef-workstation/embedded/lib/ruby/gems/2.5.0/gems/chef-14.7.17/lib/chef/runner.rb:98:in `block (2 levels) in converge'
/opt/chef-workstation/embedded/lib/ruby/gems/2.5.0/gems/chef-14.7.17/lib/chef/runner.rb:98:in `each'
/opt/chef-workstation/embedded/lib/ruby/gems/2.5.0/gems/chef-14.7.17/lib/chef/runner.rb:98:in `block in converge'
/opt/chef-workstation/embedded/lib/ruby/gems/2.5.0/gems/chef-14.7.17/lib/chef/resource_collection/resource_list.rb:94:in `block in execute_each_resource'
/opt/chef-workstation/embedded/lib/ruby/gems/2.5.0/gems/chef-14.7.17/lib/chef/resource_collection/stepable_iterator.rb:114:in `call_iterator_block'
/opt/chef-workstation/embedded/lib/ruby/gems/2.5.0/gems/chef-14.7.17/lib/chef/resource_collection/stepable_iterator.rb:85:in `step'
/opt/chef-workstation/embedded/lib/ruby/gems/2.5.0/gems/chef-14.7.17/lib/chef/resource_collection/stepable_iterator.rb:103:in `iterate'
/opt/chef-workstation/embedded/lib/ruby/gems/2.5.0/gems/chef-14.7.17/lib/chef/resource_collection/stepable_iterator.rb:55:in `each_with_index'
/opt/chef-workstation/embedded/lib/ruby/gems/2.5.0/gems/chef-14.7.17/lib/chef/resource_collection/resource_list.rb:92:in `execute_each_resource'
/opt/chef-workstation/embedded/lib/ruby/gems/2.5.0/gems/chef-14.7.17/lib/chef/runner.rb:97:in `converge'
/opt/chef-workstation/embedded/lib/ruby/gems/2.5.0/gems/chef-14.7.17/lib/chef/client.rb:720:in `block in converge'
/opt/chef-workstation/embedded/lib/ruby/gems/2.5.0/gems/chef-14.7.17/lib/chef/client.rb:715:in `catch'
/opt/chef-workstation/embedded/lib/ruby/gems/2.5.0/gems/chef-14.7.17/lib/chef/client.rb:715:in `converge'
/opt/chef-workstation/embedded/lib/ruby/gems/2.5.0/gems/chef-14.7.17/lib/chef/client.rb:754:in `converge_and_save'
/opt/chef-workstation/embedded/lib/ruby/gems/2.5.0/gems/chef-14.7.17/lib/chef/client.rb:286:in `run'
/opt/chef-workstation/embedded/lib/ruby/gems/2.5.0/gems/chef-14.7.17/lib/chef/application.rb:303:in `run_with_graceful_exit_option'
/opt/chef-workstation/embedded/lib/ruby/gems/2.5.0/gems/chef-14.7.17/lib/chef/application.rb:279:in `block in run_chef_client'
/opt/chef-workstation/embedded/lib/ruby/gems/2.5.0/gems/chef-14.7.17/lib/chef/local_mode.rb:44:in `with_server_connectivity'
/opt/chef-workstation/embedded/lib/ruby/gems/2.5.0/gems/chef-14.7.17/lib/chef/application.rb:261:in `run_chef_client'
/opt/chef-workstation/embedded/lib/ruby/gems/2.5.0/gems/chef-14.7.17/lib/chef/application/client.rb:440:in `run_application'
/opt/chef-workstation/embedded/lib/ruby/gems/2.5.0/gems/chef-14.7.17/lib/chef/application.rb:66:in `run'
/opt/chef-workstation/embedded/lib/ruby/gems/2.5.0/gems/chef-14.7.17/bin/chef-client:25:in `<top (required)>'
/usr/bin/chef-client:296:in `load'
/usr/bin/chef-client:296:in `<main>'

>>>> Caused by Chef::Exceptions::CookbookNotFound: Cookbook @recipe_files not found. If you're loading @recipe_files from another cookbook, make sure you configure the dependency in your metadata
/opt/chef-workstation/embedded/lib/ruby/gems/2.5.0/gems/chef-14.7.17/lib/chef/cookbook/cookbook_collection.rb:39:in `block in initialize'
/opt/chef-workstation/embedded/lib/ruby/gems/2.5.0/gems/ohai-14.6.2/lib/ohai/mash.rb:72:in `default'
/opt/chef-workstation/embedded/lib/ruby/gems/2.5.0/gems/ohai-14.6.2/lib/ohai/mash.rb:72:in `default'
/opt/chef-workstation/embedded/lib/ruby/gems/2.5.0/gems/chef-14.7.17/lib/chef/provider/template_finder.rb:38:in `[]'
/opt/chef-workstation/embedded/lib/ruby/gems/2.5.0/gems/chef-14.7.17/lib/chef/provider/template_finder.rb:38:in `find'
/opt/chef-workstation/embedded/lib/ruby/gems/2.5.0/gems/chef-14.7.17/lib/chef/provider/template/content.rb:32:in `template_location'
/opt/chef-workstation/embedded/lib/ruby/gems/2.5.0/gems/chef-14.7.17/lib/chef/provider/template.rb:43:in `block in define_resource_requirements'
/opt/chef-workstation/embedded/lib/ruby/gems/2.5.0/gems/chef-14.7.17/lib/chef/mixin/why_run.rb:309:in `assert'
/opt/chef-workstation/embedded/lib/ruby/gems/2.5.0/gems/chef-14.7.17/lib/chef/provider/template.rb:41:in `define_resource_requirements'
/opt/chef-workstation/embedded/lib/ruby/gems/2.5.0/gems/chef-14.7.17/lib/chef/provider.rb:169:in `run_action'
/opt/chef-workstation/embedded/lib/ruby/gems/2.5.0/gems/chef-14.7.17/lib/chef/resource.rb:578:in `run_action'
/opt/chef-workstation/embedded/lib/ruby/gems/2.5.0/gems/chef-14.7.17/lib/chef/runner.rb:70:in `run_action'
/opt/chef-workstation/embedded/lib/ruby/gems/2.5.0/gems/chef-14.7.17/lib/chef/runner.rb:98:in `block (2 levels) in converge'
/opt/chef-workstation/embedded/lib/ruby/gems/2.5.0/gems/chef-14.7.17/lib/chef/runner.rb:98:in `each'
/opt/chef-workstation/embedded/lib/ruby/gems/2.5.0/gems/chef-14.7.17/lib/chef/runner.rb:98:in `block in converge'
/opt/chef-workstation/embedded/lib/ruby/gems/2.5.0/gems/chef-14.7.17/lib/chef/resource_collection/resource_list.rb:94:in `block in execute_each_resource'
/opt/chef-workstation/embedded/lib/ruby/gems/2.5.0/gems/chef-14.7.17/lib/chef/resource_collection/stepable_iterator.rb:114:in `call_iterator_block'
/opt/chef-workstation/embedded/lib/ruby/gems/2.5.0/gems/chef-14.7.17/lib/chef/resource_collection/stepable_iterator.rb:85:in `step'
/opt/chef-workstation/embedded/lib/ruby/gems/2.5.0/gems/chef-14.7.17/lib/chef/resource_collection/stepable_iterator.rb:103:in `iterate'
/opt/chef-workstation/embedded/lib/ruby/gems/2.5.0/gems/chef-14.7.17/lib/chef/resource_collection/stepable_iterator.rb:55:in `each_with_index'
/opt/chef-workstation/embedded/lib/ruby/gems/2.5.0/gems/chef-14.7.17/lib/chef/resource_collection/resource_list.rb:92:in `execute_each_resource'
/opt/chef-workstation/embedded/lib/ruby/gems/2.5.0/gems/chef-14.7.17/lib/chef/runner.rb:97:in `converge'
/opt/chef-workstation/embedded/lib/ruby/gems/2.5.0/gems/chef-14.7.17/lib/chef/client.rb:720:in `block in converge'
/opt/chef-workstation/embedded/lib/ruby/gems/2.5.0/gems/chef-14.7.17/lib/chef/client.rb:715:in `catch'
/opt/chef-workstation/embedded/lib/ruby/gems/2.5.0/gems/chef-14.7.17/lib/chef/client.rb:715:in `converge'
/opt/chef-workstation/embedded/lib/ruby/gems/2.5.0/gems/chef-14.7.17/lib/chef/client.rb:754:in `converge_and_save'
/opt/chef-workstation/embedded/lib/ruby/gems/2.5.0/gems/chef-14.7.17/lib/chef/client.rb:286:in `run'
/opt/chef-workstation/embedded/lib/ruby/gems/2.5.0/gems/chef-14.7.17/lib/chef/application.rb:303:in `run_with_graceful_exit_option'
/opt/chef-workstation/embedded/lib/ruby/gems/2.5.0/gems/chef-14.7.17/lib/chef/application.rb:279:in `block in run_chef_client'
/opt/chef-workstation/embedded/lib/ruby/gems/2.5.0/gems/chef-14.7.17/lib/chef/local_mode.rb:44:in `with_server_connectivity'
/opt/chef-workstation/embedded/lib/ruby/gems/2.5.0/gems/chef-14.7.17/lib/chef/application.rb:261:in `run_chef_client'
/opt/chef-workstation/embedded/lib/ruby/gems/2.5.0/gems/chef-14.7.17/lib/chef/application/client.rb:440:in `run_application'
/opt/chef-workstation/embedded/lib/ruby/gems/2.5.0/gems/chef-14.7.17/lib/chef/application.rb:66:in `run'
/opt/chef-workstation/embedded/lib/ruby/gems/2.5.0/gems/chef-14.7.17/bin/chef-client:25:in `<top (required)>'
/usr/bin/chef-client:296:in `load'
/usr/bin/chef-client:296:in `<main>'